matchMaker/build/outputs/logs/manifest-merger-debug-report.txt
-- Merging decision tree log ---
manifest
ADDED from src/main/AndroidManifest.xml:2:1-38:12
INJECTED from src/main/AndroidManifest.xml:2:1-38:12
INJECTED from src/main/AndroidManifest.xml:2:1-38:12
INJECTED from src/main/AndroidManifest.xml:2:1-38:12
MERGED from [:android_Library] AndroidManifest.xml:2:1-26:12
INJECTED from src/main/AndroidManifest.xml:2:1-38:12
INJECTED from src/main/AndroidManifest.xml:2:1-38:12
INJECTED from src/main/AndroidManifest.xml:2:1-38:12
	package
		ADDED from src/main/AndroidManifest.xml:5:7-41
		INJECTED from src/main/AndroidManifest.xml
		INJECTED from src/main/AndroidManifest.xml
	android:versionName
		ADDED from src/main/AndroidManifest.xml:3:7-32
		INJECTED from src/main/AndroidManifest.xml
		INJECTED from src/main/AndroidManifest.xml
	xmlns:android
		ADDED from src/main/AndroidManifest.xml:2:11-69
	android:versionCode
		ADDED from src/main/AndroidManifest.xml:4:7-30
		INJECTED from src/main/AndroidManifest.xml
		INJECTED from src/main/AndroidManifest.xml
uses-sdk
ADDED from src/main/AndroidManifest.xml:6:11-8:48
INJECTED from src/main/AndroidManifest.xml:6:11-8:48
INJECTED from src/main/AndroidManifest.xml:6:11-8:48
MERGED from [:android_Library] AndroidManifest.xml:7:5-9:41
MERGED from [:android_Library] AndroidManifest.xml:7:5-9:41
INJECTED from src/main/AndroidManifest.xml:6:11-8:48
INJECTED from src/main/AndroidManifest.xml:6:11-8:48
	android:targetSdkVersion
		ADDED from src/main/AndroidManifest.xml:8:17-46
		INJECTED from src/main/AndroidManifest.xml
		INJECTED from src/main/AndroidManifest.xml
	android:minSdkVersion
		ADDED from src/main/AndroidManifest.xml:7:17-43
		INJECTED from src/main/AndroidManifest.xml
		INJECTED from src/main/AndroidManifest.xml
uses-permission#android.permission.RECEIVE_SMS
ADDED from src/main/AndroidManifest.xml:9:1-82
	android:name
		ADDED from src/main/AndroidManifest.xml:9:18-63
uses-permission#android.permission.SEND_SMS
ADDED from src/main/AndroidManifest.xml:10:1-79
	android:name
		ADDED from src/main/AndroidManifest.xml:10:18-60
uses-permission#android.permission.READ_SMS
ADDED from src/main/AndroidManifest.xml:11:1-79
	android:name
		ADDED from src/main/AndroidManifest.xml:11:18-60
uses-permission#android.permission.READ_CONTACTS
ADDED from src/main/AndroidManifest.xml:12:1-84
	android:name
		ADDED from src/main/AndroidManifest.xml:12:18-65
application
ADDED from src/main/AndroidManifest.xml:13:6-37:15
MERGED from [:android_Library] AndroidManifest.xml:11:5-24:19
MERGED from [:android_Library] AndroidManifest.xml:11:5-24:19
	android:label
		ADDED from src/main/AndroidManifest.xml:16:18-50
	android:icon
		ADDED from src/main/AndroidManifest.xml:15:18-54
	android:allowBackup
		ADDED from src/main/AndroidManifest.xml:14:18-44
	android:theme
		ADDED from [:android_Library] AndroidManifest.xml:14:9-40
activity#com.maguirrem.matchmaker.Main
ADDED from src/main/AndroidManifest.xml:17:3-24:14
	android:label
		ADDED from src/main/AndroidManifest.xml:19:7-39
	android:name
		ADDED from src/main/AndroidManifest.xml:18:7-51
intent-filter#action:name:android.intent.action.MAIN+category:name:android.intent.category.LAUNCHER
ADDED from src/main/AndroidManifest.xml:20:4-23:20
action#android.intent.action.MAIN
ADDED from src/main/AndroidManifest.xml:21:5-57
	android:name
		ADDED from src/main/AndroidManifest.xml:21:13-54
category#android.intent.category.LAUNCHER
ADDED from src/main/AndroidManifest.xml:22:5-65
	android:name
		ADDED from src/main/AndroidManifest.xml:22:15-62
receiver#com.maguirrem.matchmaker.Receiver
ADDED from src/main/AndroidManifest.xml:25:3-29:14
	android:label
		ADDED from src/main/AndroidManifest.xml:25:62-94
	android:name
		ADDED from src/main/AndroidManifest.xml:25:13-61
intent-filter#action:name:android.provider.Telephony.SMS_RECEIVED
ADDED from src/main/AndroidManifest.xml:26:4-28:20
action#android.provider.Telephony.SMS_RECEIVED
ADDED from src/main/AndroidManifest.xml:27:5-70
	android:name
		ADDED from src/main/AndroidManifest.xml:27:13-67
activity#com.maguirrem.matchmaker.Prefs
ADDED from src/main/AndroidManifest.xml:30:7-98
	android:label
		ADDED from src/main/AndroidManifest.xml:30:63-95
	android:name
		ADDED from src/main/AndroidManifest.xml:30:17-62
activity#com.maguirrem.matchmaker.Matches
ADDED from src/main/AndroidManifest.xml:31:3-96
	android:label
		ADDED from src/main/AndroidManifest.xml:31:61-93
	android:name
		ADDED from src/main/AndroidManifest.xml:31:13-60
activity#com.maguirrem.matchmaker.AddMatch
ADDED from src/main/AndroidManifest.xml:32:3-117
	android:theme
		ADDED from src/main/AndroidManifest.xml:32:13-56
	android:name
		ADDED from src/main/AndroidManifest.xml:32:57-105
activity#com.maguirrem.matchmaker.People
ADDED from src/main/AndroidManifest.xml:33:2-103
	android:label
		ADDED from src/main/AndroidManifest.xml:33:59-91
	android:name
		ADDED from src/main/AndroidManifest.xml:33:12-58
activity#com.maguirrem.matchmaker.AddPerson
ADDED from src/main/AndroidManifest.xml:34:1-116
	android:theme
		ADDED from src/main/AndroidManifest.xml:34:61-104
	android:name
		ADDED from src/main/AndroidManifest.xml:34:11-60
activity#com.maguirrem.matchmaker.AddGroup
ADDED from src/main/AndroidManifest.xml:35:1-115
	android:theme
		ADDED from src/main/AndroidManifest.xml:35:60-103
	android:name
		ADDED from src/main/AndroidManifest.xml:35:11-59
activity#com.maguirrem.matchmaker.About
ADDED from src/main/AndroidManifest.xml:36:1-101
	android:label
		ADDED from src/main/AndroidManifest.xml:36:11-43
	android:name
		ADDED from src/main/AndroidManifest.xml:36:44-89
activity#com.bvw.android_library.Message_Listview
ADDED from [:android_Library] AndroidManifest.xml:15:9-23:20
	android:label
		ADDED from [:android_Library] AndroidManifest.xml:17:13-45
	android:name
		ADDED from [:android_Library] AndroidManifest.xml:16:13-68